<?xml version="1.0" encoding="UTF-8"?>
<!-- Generated by org.testng.reporters.JUnitXMLReporter -->
<testsuite ignored="0" hostname="LAPTOP-SLBKNCFF" failures="0" tests="7" name="My Testchrome" time="2.653" errors="0" timestamp="2023-11-05T18:07:11 CST">
  <testcase classname="com.automation.tests.scripts.BaseTest" name="@BeforeMethod setUpBeforeTestMethod" time="0.088">
    <failure type="java.lang.NullPointerException" message="Cannot invoke &amp;quot;org.openqa.selenium.WebDriver.manage()&amp;quot; because &amp;quot;com.automation.tests.scripts.BaseTest.driver&amp;quot; is null">
      <![CDATA[java.lang.NullPointerException: Cannot invoke "org.openqa.selenium.WebDriver.manage()" because "com.automation.tests.scripts.BaseTest.driver" is null
at com.automation.tests.scripts.BaseTest.maximiseBroser(BaseTest.java:95)
at com.automation.tests.scripts.BaseTest.setUpBeforeTestMethod(BaseTest.java:60)
at java.base/java.util.ArrayList.forEach(ArrayList.java:1511)
... Removed 31 stack frames]]>
    </failure>
  </testcase> <!-- @BeforeMethod setUpBeforeTestMethod -->
  <testcase classname="com.automation.tests.scripts.BaseTest" name="@AfterMethod tearDownAfterTestMethod" time="0.0">
    <skipped/>
  </testcase> <!-- @AfterMethod tearDownAfterTestMethod -->
  <testcase classname="com.automation.tests.scripts.BaseTest" name="@BeforeMethod setUpBeforeTestMethod" time="0.0">
    <skipped/>
  </testcase> <!-- @BeforeMethod setUpBeforeTestMethod -->
  <testcase classname="com.automation.tests.scripts.BaseTest" name="@AfterMethod tearDownAfterTestMethod" time="0.0">
    <skipped/>
  </testcase> <!-- @AfterMethod tearDownAfterTestMethod -->
  <testcase classname="com.automation.tests.scripts.BaseTest" name="@BeforeMethod setUpBeforeTestMethod" time="0.0">
    <skipped/>
  </testcase> <!-- @BeforeMethod setUpBeforeTestMethod -->
  <testcase classname="com.automation.tests.scripts.BaseTest" name="@AfterMethod tearDownAfterTestMethod" time="0.0">
    <skipped/>
  </testcase> <!-- @AfterMethod tearDownAfterTestMethod -->
  <testcase classname="com.automation.tests.scripts.BaseTest" name="@BeforeMethod setUpBeforeTestMethod" time="0.0">
    <skipped/>
  </testcase> <!-- @BeforeMethod setUpBeforeTestMethod -->
  <testcase classname="com.automation.tests.scripts.BaseTest" name="@AfterMethod tearDownAfterTestMethod" time="0.0">
    <skipped/>
  </testcase> <!-- @AfterMethod tearDownAfterTestMethod -->
  <testcase classname="com.automation.tests.scripts.BaseTest" name="@BeforeMethod setUpBeforeTestMethod" time="0.0">
    <skipped/>
  </testcase> <!-- @BeforeMethod setUpBeforeTestMethod -->
  <testcase classname="com.automation.tests.scripts.BaseTest" name="@AfterMethod tearDownAfterTestMethod" time="0.0">
    <skipped/>
  </testcase> <!-- @AfterMethod tearDownAfterTestMethod -->
  <testcase classname="com.automation.tests.scripts.BaseTest" name="@BeforeMethod setUpBeforeTestMethod" time="0.0">
    <skipped/>
  </testcase> <!-- @BeforeMethod setUpBeforeTestMethod -->
  <testcase classname="com.automation.tests.scripts.BaseTest" name="@AfterMethod tearDownAfterTestMethod" time="0.0">
    <skipped/>
  </testcase> <!-- @AfterMethod tearDownAfterTestMethod -->
  <testcase classname="com.automation.tests.scripts.BaseTest" name="@BeforeMethod setUpBeforeTestMethod" time="0.0">
    <skipped/>
  </testcase> <!-- @BeforeMethod setUpBeforeTestMethod -->
  <testcase classname="com.automation.tests.scripts.BaseTest" name="@AfterMethod tearDownAfterTestMethod" time="0.0">
    <skipped/>
  </testcase> <!-- @AfterMethod tearDownAfterTestMethod -->
  <testcase classname="com.automation.tests.scripts.SalesforceAutomationScripts" name="Validate_LoginErrorMessage" time="0.001">
    <skipped/>
  </testcase> <!-- Validate_LoginErrorMessage -->
  <testcase classname="com.automation.tests.scripts.SalesforceAutomationScripts" name="forgot_Password" time="0.001">
    <skipped/>
  </testcase> <!-- forgot_Password -->
  <testcase classname="com.automation.tests.scripts.SalesforceAutomationScripts" name="loginError_noPassword" time="0.0">
    <skipped/>
  </testcase> <!-- loginError_noPassword -->
  <testcase classname="com.automation.tests.scripts.SalesforceAutomationScripts" name="myProfile" time="0.0">
    <skipped/>
  </testcase> <!-- myProfile -->
  <testcase classname="com.automation.tests.scripts.SalesforceAutomationScripts" name="remember_me" time="0.0">
    <skipped/>
  </testcase> <!-- remember_me -->
  <testcase classname="com.automation.tests.scripts.SalesforceAutomationScripts" name="userMenuDropDown" time="0.004">
    <skipped/>
  </testcase> <!-- userMenuDropDown -->
  <testcase classname="com.automation.tests.scripts.SalesforceAutomationScripts" name="valid_Username_Password" time="0.002">
    <skipped/>
  </testcase> <!-- valid_Username_Password -->
</testsuite> <!-- My Testchrome -->
