<?xml version="1.0" encoding="UTF-8"?>
<!-- Generated by org.testng.reporters.JUnitReportReporter -->
<testsuite hostname="LAPTOP-SLBKNCFF" failures="0" tests="16" name="com.automation.tests.scripts.SalesforceAutomationScripts" time="0.107" errors="2" timestamp="2023-11-05T18:07:12 CST" skipped="14">
  <testcase classname="com.automation.tests.scripts.SalesforceAutomationScripts" name="loginError_noPassword" time="0.000">
    <skipped/>
  </testcase> <!-- loginError_noPassword -->
  <system-out/>
  <testcase classname="com.automation.tests.scripts.SalesforceAutomationScripts" name="userMenuDropDown" time="0.004">
    <skipped/>
  </testcase> <!-- userMenuDropDown -->
  <system-out/>
  <testcase classname="com.automation.tests.scripts.SalesforceAutomationScripts" name="setUpBeforeTestMethod" time="0.088">
    <error message="Cannot invoke &quot;org.openqa.selenium.WebDriver.manage()&quot; because &quot;com.automation.tests.scripts.BaseTest.driver&quot; is null" type="java.lang.NullPointerException">
      <![CDATA[java.lang.NullPointerException: Cannot invoke "org.openqa.selenium.WebDriver.manage()" because "com.automation.tests.scripts.BaseTest.driver" is null
at com.automation.tests.scripts.BaseTest.maximiseBroser(BaseTest.java:95)
at com.automation.tests.scripts.BaseTest.setUpBeforeTestMethod(BaseTest.java:60)
at java.base/jdk.internal.reflect.NativeMethodAccessorImpl.invoke0(Native Method)
at java.base/jdk.internal.reflect.NativeMethodAccessorImpl.invoke(NativeMethodAccessorImpl.java:77)
at java.base/jdk.internal.reflect.DelegatingMethodAccessorImpl.invoke(DelegatingMethodAccessorImpl.java:43)
at java.base/java.lang.reflect.Method.invoke(Method.java:568)
at org.testng.internal.invokers.MethodInvocationHelper.invokeMethod(MethodInvocationHelper.java:139)
at org.testng.internal.invokers.MethodInvocationHelper.invokeMethodConsideringTimeout(MethodInvocationHelper.java:69)
at org.testng.internal.invokers.ConfigInvoker.invokeConfigurationMethod(ConfigInvoker.java:361)
at org.testng.internal.invokers.ConfigInvoker.invokeConfigurations(ConfigInvoker.java:296)
at org.testng.internal.invokers.TestInvoker.runConfigMethods(TestInvoker.java:823)
at org.testng.internal.invokers.TestInvoker.invokeMethod(TestInvoker.java:590)
at org.testng.internal.invokers.TestInvoker.invokeTestMethod(TestInvoker.java:221)
at org.testng.internal.invokers.MethodRunner.runInSequence(MethodRunner.java:50)
at org.testng.internal.invokers.TestInvoker$MethodInvocationAgent.invoke(TestInvoker.java:969)
at org.testng.internal.invokers.TestInvoker.invokeTestMethods(TestInvoker.java:194)
at org.testng.internal.invokers.TestMethodWorker.invokeTestMethods(TestMethodWorker.java:148)
at org.testng.internal.invokers.TestMethodWorker.run(TestMethodWorker.java:128)
at java.base/java.util.ArrayList.forEach(ArrayList.java:1511)
at org.testng.TestRunner.privateRun(TestRunner.java:829)
at org.testng.TestRunner.run(TestRunner.java:602)
at org.testng.SuiteRunner.runTest(SuiteRunner.java:437)
at org.testng.SuiteRunner.runSequentially(SuiteRunner.java:431)
at org.testng.SuiteRunner.privateRun(SuiteRunner.java:391)
at org.testng.SuiteRunner.run(SuiteRunner.java:330)
at org.testng.SuiteRunnerWorker.runSuite(SuiteRunnerWorker.java:52)
at org.testng.SuiteRunnerWorker.run(SuiteRunnerWorker.java:95)
at org.testng.TestNG.runSuitesSequentially(TestNG.java:1256)
at org.testng.TestNG.runSuitesLocally(TestNG.java:1176)
at org.testng.TestNG.runSuites(TestNG.java:1099)
at org.testng.TestNG.run(TestNG.java:1067)
at org.testng.remote.AbstractRemoteTestNG.run(AbstractRemoteTestNG.java:115)
at org.testng.remote.RemoteTestNG.initAndRun(RemoteTestNG.java:251)
at org.testng.remote.RemoteTestNG.main(RemoteTestNG.java:77)
]]>
    </error>
  </testcase> <!-- setUpBeforeTestMethod -->
  <system-out/>
  <testcase classname="com.automation.tests.scripts.SalesforceAutomationScripts" name="valid_Username_Password" time="0.002">
    <skipped/>
  </testcase> <!-- valid_Username_Password -->
  <system-out/>
  <testcase classname="com.automation.tests.scripts.SalesforceAutomationScripts" name="Validate_LoginErrorMessage" time="0.001">
    <skipped/>
  </testcase> <!-- Validate_LoginErrorMessage -->
  <system-out/>
  <testcase classname="com.automation.tests.scripts.SalesforceAutomationScripts" name="Validate_LoginErrorMessage" time="0.001">
    <skipped/>
  </testcase> <!-- Validate_LoginErrorMessage -->
  <system-out/>
  <testcase classname="com.automation.tests.scripts.SalesforceAutomationScripts" name="setUpBeforeTestMethod" time="0.008">
    <error message="Cannot invoke &quot;org.openqa.selenium.WebDriver.manage()&quot; because &quot;com.automation.tests.scripts.BaseTest.driver&quot; is null" type="java.lang.NullPointerException">
      <![CDATA[java.lang.NullPointerException: Cannot invoke "org.openqa.selenium.WebDriver.manage()" because "com.automation.tests.scripts.BaseTest.driver" is null
at com.automation.tests.scripts.BaseTest.maximiseBroser(BaseTest.java:95)
at com.automation.tests.scripts.BaseTest.setUpBeforeTestMethod(BaseTest.java:60)
at java.base/jdk.internal.reflect.NativeMethodAccessorImpl.invoke0(Native Method)
at java.base/jdk.internal.reflect.NativeMethodAccessorImpl.invoke(NativeMethodAccessorImpl.java:77)
at java.base/jdk.internal.reflect.DelegatingMethodAccessorImpl.invoke(DelegatingMethodAccessorImpl.java:43)
at java.base/java.lang.reflect.Method.invoke(Method.java:568)
at org.testng.internal.invokers.MethodInvocationHelper.invokeMethod(MethodInvocationHelper.java:139)
at org.testng.internal.invokers.MethodInvocationHelper.invokeMethodConsideringTimeout(MethodInvocationHelper.java:69)
at org.testng.internal.invokers.ConfigInvoker.invokeConfigurationMethod(ConfigInvoker.java:361)
at org.testng.internal.invokers.ConfigInvoker.invokeConfigurations(ConfigInvoker.java:296)
at org.testng.internal.invokers.TestInvoker.runConfigMethods(TestInvoker.java:823)
at org.testng.internal.invokers.TestInvoker.invokeMethod(TestInvoker.java:590)
at org.testng.internal.invokers.TestInvoker.invokeTestMethod(TestInvoker.java:221)
at org.testng.internal.invokers.MethodRunner.runInSequence(MethodRunner.java:50)
at org.testng.internal.invokers.TestInvoker$MethodInvocationAgent.invoke(TestInvoker.java:969)
at org.testng.internal.invokers.TestInvoker.invokeTestMethods(TestInvoker.java:194)
at org.testng.internal.invokers.TestMethodWorker.invokeTestMethods(TestMethodWorker.java:148)
at org.testng.internal.invokers.TestMethodWorker.run(TestMethodWorker.java:128)
at java.base/java.util.ArrayList.forEach(ArrayList.java:1511)
at org.testng.TestRunner.privateRun(TestRunner.java:829)
at org.testng.TestRunner.run(TestRunner.java:602)
at org.testng.SuiteRunner.runTest(SuiteRunner.java:437)
at org.testng.SuiteRunner.runSequentially(SuiteRunner.java:431)
at org.testng.SuiteRunner.privateRun(SuiteRunner.java:391)
at org.testng.SuiteRunner.run(SuiteRunner.java:330)
at org.testng.SuiteRunnerWorker.runSuite(SuiteRunnerWorker.java:52)
at org.testng.SuiteRunnerWorker.run(SuiteRunnerWorker.java:95)
at org.testng.TestNG.runSuitesSequentially(TestNG.java:1256)
at org.testng.TestNG.runSuitesLocally(TestNG.java:1176)
at org.testng.TestNG.runSuites(TestNG.java:1099)
at org.testng.TestNG.run(TestNG.java:1067)
at org.testng.remote.AbstractRemoteTestNG.run(AbstractRemoteTestNG.java:115)
at org.testng.remote.RemoteTestNG.initAndRun(RemoteTestNG.java:251)
at org.testng.remote.RemoteTestNG.main(RemoteTestNG.java:77)
]]>
    </error>
  </testcase> <!-- setUpBeforeTestMethod -->
  <system-out/>
  <testcase classname="com.automation.tests.scripts.SalesforceAutomationScripts" name="loginError_noPassword" time="0.000">
    <skipped/>
  </testcase> <!-- loginError_noPassword -->
  <system-out/>
  <testcase classname="com.automation.tests.scripts.SalesforceAutomationScripts" name="remember_me" time="0.000">
    <skipped/>
  </testcase> <!-- remember_me -->
  <system-out/>
  <testcase classname="com.automation.tests.scripts.SalesforceAutomationScripts" name="remember_me" time="0.000">
    <skipped/>
  </testcase> <!-- remember_me -->
  <system-out/>
  <testcase classname="com.automation.tests.scripts.SalesforceAutomationScripts" name="forgot_Password" time="0.000">
    <skipped/>
  </testcase> <!-- forgot_Password -->
  <system-out/>
  <testcase classname="com.automation.tests.scripts.SalesforceAutomationScripts" name="myProfile" time="0.001">
    <skipped/>
  </testcase> <!-- myProfile -->
  <system-out/>
  <testcase classname="com.automation.tests.scripts.SalesforceAutomationScripts" name="userMenuDropDown" time="0.000">
    <skipped/>
  </testcase> <!-- userMenuDropDown -->
  <system-out/>
  <testcase classname="com.automation.tests.scripts.SalesforceAutomationScripts" name="myProfile" time="0.000">
    <skipped/>
  </testcase> <!-- myProfile -->
  <system-out/>
  <testcase classname="com.automation.tests.scripts.SalesforceAutomationScripts" name="valid_Username_Password" time="0.001">
    <skipped/>
  </testcase> <!-- valid_Username_Password -->
  <system-out/>
  <testcase classname="com.automation.tests.scripts.SalesforceAutomationScripts" name="forgot_Password" time="0.001">
    <skipped/>
  </testcase> <!-- forgot_Password -->
  <system-out/>
</testsuite> <!-- com.automation.tests.scripts.SalesforceAutomationScripts -->
